  main.cpp
C:\!Development\SPH\SPH1\SPH_1.0\SPH1\solver.h(37,1): warning C4305: =: усечение из "double" в "float"
C:\!Development\SPH\SPH1\SPH_1.0\SPH1\main.cpp(30,63): warning C4244: аргумент: преобразование "double" в "float", возможна потеря данных
C:\!Development\SPH\SPH1\SPH_1.0\SPH1\main.cpp(30,39): warning C4244: аргумент: преобразование "double" в "float", возможна потеря данных
C:\!Development\SPH\SPH1\SPH_1.0\SPH1\main.cpp(66,33): warning C4244: аргумент: преобразование "const double" в "GLsizei", возможна потеря данных
C:\!Development\SPH\SPH1\SPH_1.0\SPH1\main.cpp(66,19): warning C4244: аргумент: преобразование "const double" в "GLsizei", возможна потеря данных
C:\!Development\SPH\SPH1\SPH_1.0\SPH1\main.cpp(103,35): warning C4244: аргумент: преобразование "const double" в "int", возможна потеря данных
C:\!Development\SPH\SPH1\SPH_1.0\SPH1\main.cpp(103,21): warning C4244: аргумент: преобразование "const double" в "int", возможна потеря данных
  solver.cpp
C:\!Development\SPH\SPH1\SPH_1.0\SPH1\solver.h(37,1): warning C4305: =: усечение из "double" в "float"
C:\!Development\SPH\SPH1\SPH_1.0\SPH1\solver.cpp(20,37): warning C4305: =: усечение из "double" в "float"
C:\!Development\SPH\SPH1\SPH_1.0\SPH1\solver.cpp(48,56): warning C4244: +=: преобразование "double" в "float", возможна потеря данных
C:\!Development\SPH\SPH1\SPH_1.0\SPH1\solver.cpp(50,76): warning C4244: =: преобразование "double" в "float", возможна потеря данных
C:\!Development\SPH\SPH1\SPH_1.0\SPH1\solver.cpp(74,13): warning C4244: инициализация: преобразование "double" в "float", возможна потеря данных
C:\!Development\SPH\SPH1\SPH_1.0\SPH1\solver.cpp(77,14): warning C4244: инициализация: преобразование "double" в "float", возможна потеря данных
C:\!Development\SPH\SPH1\SPH_1.0\SPH1\solver.cpp(78,14): warning C4244: инициализация: преобразование "double" в "float", возможна потеря данных
C:\!Development\SPH\SPH1\SPH_1.0\SPH1\solver.cpp(85,14): warning C4244: инициализация: преобразование "double" в "float", возможна потеря данных
C:\!Development\SPH\SPH1\SPH_1.0\SPH1\solver.cpp(86,31): warning C4244: =: преобразование "double" в "float", возможна потеря данных
C:\!Development\SPH\SPH1\SPH_1.0\SPH1\solver.cpp(100,61): warning C4305: аргумент: усечение из "const double" в "const float"
C:\!Development\SPH\SPH1\SPH_1.0\SPH1\solver.cpp(100,82): warning C4305: аргумент: усечение из "const double" в "const float"
C:\!Development\SPH\SPH1\SPH_1.0\SPH1\solver.cpp(101,56): warning C4305: аргумент: усечение из "const double" в "const float"
C:\!Development\SPH\SPH1\SPH_1.0\SPH1\solver.cpp(105,56): warning C4244: =: преобразование "double" в "float", возможна потеря данных
C:\!Development\SPH\SPH1\SPH_1.0\SPH1\solver.cpp(106,47): warning C4244: =: преобразование "double" в "float", возможна потеря данных
C:\!Development\SPH\SPH1\SPH_1.0\SPH1\solver.cpp(111,56): warning C4244: =: преобразование "double" в "float", возможна потеря данных
C:\!Development\SPH\SPH1\SPH_1.0\SPH1\solver.cpp(112,39): warning C4305: =: усечение из "double" в "float"
C:\!Development\SPH\SPH1\SPH_1.0\SPH1\solver.cpp(117,56): warning C4244: =: преобразование "double" в "float", возможна потеря данных
C:\!Development\SPH\SPH1\SPH_1.0\SPH1\solver.cpp(118,48): warning C4244: =: преобразование "double" в "float", возможна потеря данных
C:\!Development\SPH\SPH1\SPH_1.0\SPH1\solver.cpp(123,56): warning C4244: =: преобразование "double" в "float", возможна потеря данных
C:\!Development\SPH\SPH1\SPH_1.0\SPH1\solver.cpp(124,39): warning C4305: =: усечение из "double" в "float"
C:\!Development\SPH\SPH1\SPH_1.0\SPH1\solver.cpp(136,51): warning C4305: =: усечение из "double" в "float"
  Создание кода...
  SPH1.vcxproj -> C:\!Development\SPH\SPH1\SPH_1.0\Debug\SPH1.exe
  Скопировано файлов:         1.
